Using pre-set license
Built from '2020.3/staging' branch; Version is '2020.3.14f1 (d0d1bb862f9d) revision 13685179'; Using compiler version '192528614'; Build Type 'Release'
OS: 'Windows 10 Education; OS build 19042.1288; Version 2009; 64bit' Language: 'en' Physical Memory: 16180 MB
BatchMode: 1, IsHumanControllingUs: 0, StartBugReporterOnCrash: 0, Is64bit: 1, IsPro: 0

 COMMAND LINE ARGUMENTS:
C:\Program Files\Unity\Editor\Unity.exe
-adb2
-batchMode
-noUpm
-name
AssetImportWorker0
-projectPath
C:/Users/W0454816/source/SamsMaterialProject
-logFile
Logs/AssetImportWorker0.log
-srvPort
64870
Successfully changed project path to: C:/Users/W0454816/source/SamsMaterialProject
C:/Users/W0454816/source/SamsMaterialProject
Using Asset Import Pipeline V2.
Refreshing native plugins compatible for Editor in 24.70 ms, found 2 plugins.
Preloading 0 native plugins for Editor in 0.00 ms.
Initialize engine version: 2020.3.14f1 (d0d1bb862f9d)
[Subsystems] Discovering subsystems at path C:/Program Files/Unity/Editor/Data/Resources/UnitySubsystems
[Subsystems] Discovering subsystems at path C:/Users/W0454816/source/SamsMaterialProject/Assets
GfxDevice: creating device client; threaded=0
Direct3D:
    Version:  Direct3D 11.0 [level 11.0]
    Renderer: NVIDIA Quadro K2200 (ID=0x13ba)
    Vendor:   
    VRAM:     4053 MB
    Driver:   27.21.14.6192
Initialize mono
Mono path[0] = 'C:/Program Files/Unity/Editor/Data/Managed'
Mono path[1] = 'C:/Program Files/Unity/Editor/Data/MonoBleedingEdge/lib/mono/unityjit'
Mono config path = 'C:/Program Files/Unity/Editor/Data/MonoBleedingEdge/etc'
Using monoOptions --debugger-agent=transport=dt_socket,embedding=1,server=y,suspend=n,address=127.0.0.1:56508
Begin MonoManager ReloadAssembly
Registering precompiled unity dll's ...
Register platform support module: C:/Program Files/Unity/Editor/Data/PlaybackEngines/WindowsStandaloneSupport/UnityEditor.WindowsStandalone.Extensions.dll
Registered in 0.001994 seconds.
Native extension for WindowsStandalone target not found
Refreshing native plugins compatible for Editor in 25.23 ms, found 2 plugins.
Preloading 0 native plugins for Editor in 0.00 ms.
Mono: successfully reloaded assembly
- Completed reload, in  0.952 seconds
Domain Reload Profiling:
	ReloadAssembly (952ms)
		BeginReloadAssembly (50ms)
			ExecutionOrderSort (0ms)
			DisableScriptedObjects (0ms)
			BackupInstance (0ms)
			ReleaseScriptingObjects (0ms)
			CreateAndSetChildDomain (1ms)
		EndReloadAssembly (390ms)
			LoadAssemblies (48ms)
			RebuildTransferFunctionScriptingTraits (0ms)
			SetupTypeCache (146ms)
			ReleaseScriptCaches (0ms)
			RebuildScriptCaches (31ms)
			SetupLoadedEditorAssemblies (146ms)
				LogAssemblyErrors (0ms)
				InitializePlatformSupportModulesInManaged (4ms)
				SetLoadedEditorAssemblies (0ms)
				RefreshPlugins (25ms)
				BeforeProcessingInitializeOnLoad (13ms)
				ProcessInitializeOnLoadAttributes (76ms)
				ProcessInitializeOnLoadMethodAttributes (27ms)
				AfterProcessingInitializeOnLoad (0ms)
				EditorAssembliesLoaded (0ms)
			ExecutionOrderSort2 (0ms)
			AwakeInstancesAfterBackupRestoration (0ms)
Platform modules already initialized, skipping
Registering precompiled user dll's ...
Registered in 0.004672 seconds.
Begin MonoManager ReloadAssembly
Native extension for WindowsStandalone target not found
Refreshing native plugins compatible for Editor in 0.27 ms, found 2 plugins.
Preloading 0 native plugins for Editor in 0.00 ms.
Mono: successfully reloaded assembly
- Completed reload, in  0.951 seconds
Domain Reload Profiling:
	ReloadAssembly (951ms)
		BeginReloadAssembly (138ms)
			ExecutionOrderSort (0ms)
			DisableScriptedObjects (4ms)
			BackupInstance (0ms)
			ReleaseScriptingObjects (0ms)
			CreateAndSetChildDomain (18ms)
		EndReloadAssembly (755ms)
			LoadAssemblies (82ms)
			RebuildTransferFunctionScriptingTraits (0ms)
			SetupTypeCache (245ms)
			ReleaseScriptCaches (0ms)
			RebuildScriptCaches (37ms)
			SetupLoadedEditorAssemblies (305ms)
				LogAssemblyErrors (0ms)
				InitializePlatformSupportModulesInManaged (5ms)
				SetLoadedEditorAssemblies (0ms)
				RefreshPlugins (0ms)
				BeforeProcessingInitializeOnLoad (85ms)
				ProcessInitializeOnLoadAttributes (204ms)
				ProcessInitializeOnLoadMethodAttributes (5ms)
				AfterProcessingInitializeOnLoad (6ms)
				EditorAssembliesLoaded (0ms)
			ExecutionOrderSort2 (0ms)
			AwakeInstancesAfterBackupRestoration (7ms)
Platform modules already initialized, skipping
========================================================================
Worker process is ready to serve import requests
Launched and connected shader compiler UnityShaderCompiler.exe after 0.04 seconds
Refreshing native plugins compatible for Editor in 0.27 ms, found 2 plugins.
Preloading 0 native plugins for Editor in 0.00 ms.
Unloading 1390 Unused Serialized files (Serialized files now loaded: 0)
System memory in use before: 64.8 MB.
System memory in use after: 64.8 MB.

Unloading 19 unused Assets to reduce memory usage. Loaded Objects now: 1823.
Total: 2.049900 ms (FindLiveObjects: 0.129200 ms CreateObjectMapping: 0.038100 ms MarkObjects: 1.810300 ms  DeleteObjects: 0.071500 ms)

AssetImportParameters requested are different than current active one (requested -> active):
  custom:framework-win-MediaFoundation: 216162199b28c13a410421893ffa2e32 -> 
  custom:video-decoder-ogg-theora: a1e56fd34408186e4bbccfd4996cb3dc -> 
  custom:container-muxer-webm: aa71ff27fc2769a1b78a27578f13a17b -> 
  custom:container-demuxer-webm: 4f35f7cbe854078d1ac9338744f61a02 -> 
  custom:container-demuxer-ogg: 62fdf1f143b41e24485cea50d1cbac27 -> 
  custom:video-encoder-webm-vp8: eb34c28f22e8b96e1ab97ce403110664 -> 
  custom:video-decoder-webm-vp8: 9c59270c3fd7afecdb556c50c9e8de78 -> 
  custom:audio-decoder-ogg-vorbis: bf7c407c2cedff20999df2af8eb42d56 -> 
  custom:audio-encoder-webm-vorbis: bf7c407c2cedff20999df2af8eb42d56 -> 
========================================================================
Received Import Request.
  path: Assets/Materials
  artifactKey: Guid(98ca257852f414d4e9734ac9f6f4c8cf) Importer(815301076,1909f56bfc062723c751e8b465ee728b)
Start importing Assets/Materials using Guid(98ca257852f414d4e9734ac9f6f4c8cf) Importer(815301076,1909f56bfc062723c751e8b465ee728b)  -> (artifact id: '853dafa73c21b78218da0c8306686abc') in 0.008730 seconds 
  Import took 0.010724 seconds .

========================================================================
Received Import Request.
  Time since last request: 4.085733 seconds.
  path: Assets/Textures
  artifactKey: Guid(3f5a0af6ff35f5342937731aed31f307) Importer(815301076,1909f56bfc062723c751e8b465ee728b)
Start importing Assets/Textures using Guid(3f5a0af6ff35f5342937731aed31f307) Importer(815301076,1909f56bfc062723c751e8b465ee728b)  -> (artifact id: 'ec34a13d4b51adf9054ed6bbd43492d5') in 0.010987 seconds 
  Import took 0.013063 seconds .

========================================================================
Received Import Request.
  Time since last request: 52.280044 seconds.
  path: Assets/Materials/PlowedField.mat
  artifactKey: Guid(0f27075a350d5264abd014ed86c2e8fd) Importer(815301076,1909f56bfc062723c751e8b465ee728b)
Start importing Assets/Materials/PlowedField.mat using Guid(0f27075a350d5264abd014ed86c2e8fd) Importer(815301076,1909f56bfc062723c751e8b465ee728b)  -> (artifact id: 'f6a9473d8fe89cbb8b3e72f83ed336d8') in 0.103805 seconds 
  Import took 0.106051 seconds .

========================================================================
Received Import Request.
  Time since last request: 4.313473 seconds.
  path: Assets/Textures/Plowed Field.jpg
  artifactKey: Guid(80aa380b65e832e439b49f60b50bbb87) Importer(815301076,1909f56bfc062723c751e8b465ee728b)
Start importing Assets/Textures/Plowed Field.jpg using Guid(80aa380b65e832e439b49f60b50bbb87) Importer(815301076,1909f56bfc062723c751e8b465ee728b)  -> (artifact id: '054f5871ed55e1488703af57b18cf5e3') in 0.019808 seconds 
  Import took 0.022065 seconds .

========================================================================
Received Import Request.
  Time since last request: 34.001832 seconds.
  path: Assets/Textures/Plowed Field.jpg
  artifactKey: Guid(80aa380b65e832e439b49f60b50bbb87) Importer(815301076,1909f56bfc062723c751e8b465ee728b)
Start importing Assets/Textures/Plowed Field.jpg using Guid(80aa380b65e832e439b49f60b50bbb87) Importer(815301076,1909f56bfc062723c751e8b465ee728b)  -> (artifact id: '25ecc4cdb9f4a96967147af27f9ebb3b') in 0.022460 seconds 
  Import took 0.024778 seconds .

========================================================================
Received Import Request.
  Time since last request: 23.923438 seconds.
  path: Assets/Materials/Plowed Field.mat
  artifactKey: Guid(f971bfd5eed633449b4e1e2e5b727c8f) Importer(815301076,1909f56bfc062723c751e8b465ee728b)
Start importing Assets/Materials/Plowed Field.mat using Guid(f971bfd5eed633449b4e1e2e5b727c8f) Importer(815301076,1909f56bfc062723c751e8b465ee728b)  -> (artifact id: '47694f427c67338c7ec55b3130731687') in 0.010813 seconds 
  Import took 0.012973 seconds .

========================================================================
Received Import Request.
  Time since last request: 140.815384 seconds.
  path: Assets/Textures/Stone.jpg
  artifactKey: Guid(b2fb4c974dfd40d408835d5588e8b61e) Importer(815301076,1909f56bfc062723c751e8b465ee728b)
Start importing Assets/Textures/Stone.jpg using Guid(b2fb4c974dfd40d408835d5588e8b61e) Importer(815301076,1909f56bfc062723c751e8b465ee728b)  -> (artifact id: '9f800c7b8b48d61e8b341cf6c0c9298a') in 0.017483 seconds 
  Import took 0.020647 seconds .

========================================================================
Received Import Request.
  Time since last request: 0.004426 seconds.
  path: Assets/Textures/Stone.jpg
  artifactKey: Guid(b2fb4c974dfd40d408835d5588e8b61e) Importer(815301076,1909f56bfc062723c751e8b465ee728b)
Start importing Assets/Textures/Stone.jpg using Guid(b2fb4c974dfd40d408835d5588e8b61e) Importer(815301076,1909f56bfc062723c751e8b465ee728b)  -> (artifact id: '9f800c7b8b48d61e8b341cf6c0c9298a') in 0.013140 seconds 
  Import took 0.015706 seconds .

========================================================================
Received Import Request.
  Time since last request: 40.231425 seconds.
  path: Assets/Textures/WoodMoss.jpg
  artifactKey: Guid(c8b5741f174fc2b408638f29645c76e0) Importer(815301076,1909f56bfc062723c751e8b465ee728b)
Start importing Assets/Textures/WoodMoss.jpg using Guid(c8b5741f174fc2b408638f29645c76e0) Importer(815301076,1909f56bfc062723c751e8b465ee728b)  -> (artifact id: '0164caa753b9cbca257d60074125ccb9') in 0.012516 seconds 
  Import took 0.014924 seconds .

========================================================================
Received Import Request.
  Time since last request: 31.652439 seconds.
  path: Assets/Materials/PlowedField.mat
  artifactKey: Guid(0f27075a350d5264abd014ed86c2e8fd) Importer(815301076,1909f56bfc062723c751e8b465ee728b)
Start importing Assets/Materials/PlowedField.mat using Guid(0f27075a350d5264abd014ed86c2e8fd) Importer(815301076,1909f56bfc062723c751e8b465ee728b)  -> (artifact id: 'ed91446a904965f91a4ff0871938da09') in 0.015334 seconds 
  Import took 0.017660 seconds .

========================================================================
Received Import Request.
  Time since last request: 10.690789 seconds.
  path: Assets/Materials/New Material.mat
  artifactKey: Guid(5eb4bf5077f47cb449457aaadfc043d6) Importer(815301076,1909f56bfc062723c751e8b465ee728b)
Start importing Assets/Materials/New Material.mat using Guid(5eb4bf5077f47cb449457aaadfc043d6) Importer(815301076,1909f56bfc062723c751e8b465ee728b)  -> (artifact id: 'de869f173239dfffc05be8015bf3a2a7') in 0.011402 seconds 
  Import took 0.013558 seconds .

========================================================================
Received Import Request.
  Time since last request: 69.426269 seconds.
  path: Assets/Materials/New Material.mat
  artifactKey: Guid(5eb4bf5077f47cb449457aaadfc043d6) Importer(815301076,1909f56bfc062723c751e8b465ee728b)
Start importing Assets/Materials/New Material.mat using Guid(5eb4bf5077f47cb449457aaadfc043d6) Importer(815301076,1909f56bfc062723c751e8b465ee728b)  -> (artifact id: '2db57d24d77dfe9fdac5b843a63696b6') in 0.013351 seconds 
  Import took 0.015797 seconds .

========================================================================
Received Import Request.
  Time since last request: 11.666472 seconds.
  path: Assets/Materials/Flat Color.mat
  artifactKey: Guid(0aefed423287f46418a9ab91c56f6be4) Importer(815301076,1909f56bfc062723c751e8b465ee728b)
Start importing Assets/Materials/Flat Color.mat using Guid(0aefed423287f46418a9ab91c56f6be4) Importer(815301076,1909f56bfc062723c751e8b465ee728b)  -> (artifact id: 'a921933c9f9afeab0342f5d6feb81f43') in 0.011872 seconds 
  Import took 0.014254 seconds .

========================================================================
Received Import Request.
  Time since last request: 13.191274 seconds.
  path: Assets/Materials/Trans flat color.mat
  artifactKey: Guid(5eb4bf5077f47cb449457aaadfc043d6) Importer(815301076,1909f56bfc062723c751e8b465ee728b)
Start importing Assets/Materials/Trans flat color.mat using Guid(5eb4bf5077f47cb449457aaadfc043d6) Importer(815301076,1909f56bfc062723c751e8b465ee728b)  -> (artifact id: '53afbabe0fe720e32caeb91623f0ea8a') in 0.014105 seconds 
  Import took 0.016610 seconds .

========================================================================
Received Import Request.
  Time since last request: 14.185242 seconds.
  path: Assets/Materials/WoodenSeemless.mat
  artifactKey: Guid(0f27075a350d5264abd014ed86c2e8fd) Importer(815301076,1909f56bfc062723c751e8b465ee728b)
Start importing Assets/Materials/WoodenSeemless.mat using Guid(0f27075a350d5264abd014ed86c2e8fd) Importer(815301076,1909f56bfc062723c751e8b465ee728b)  -> (artifact id: 'ee36bb005581d154eb28ba10cad3f1c5') in 0.015010 seconds 
  Import took 0.017348 seconds .

========================================================================
Received Import Request.
  Time since last request: 46.060247 seconds.
  path: Assets/Materials/Flat Color.mat
  artifactKey: Guid(0aefed423287f46418a9ab91c56f6be4) Importer(815301076,1909f56bfc062723c751e8b465ee728b)
Start importing Assets/Materials/Flat Color.mat using Guid(0aefed423287f46418a9ab91c56f6be4) Importer(815301076,1909f56bfc062723c751e8b465ee728b)  -> (artifact id: '77e1acd54e4cfd61cadb1bc44cbf69e4') in 0.011870 seconds 
  Import took 0.014776 seconds .

========================================================================
Received Import Request.
  Time since last request: 127.890724 seconds.
  path: Assets/Materials/Trans flat color.mat
  artifactKey: Guid(5eb4bf5077f47cb449457aaadfc043d6) Importer(815301076,1909f56bfc062723c751e8b465ee728b)
Start importing Assets/Materials/Trans flat color.mat using Guid(5eb4bf5077f47cb449457aaadfc043d6) Importer(815301076,1909f56bfc062723c751e8b465ee728b)  -> (artifact id: '1f0fbfa71c1066f014d809737938f971') in 0.011551 seconds 
  Import took 0.014033 seconds .

========================================================================
Received Prepare
Registering precompiled user dll's ...
Registered in 0.003639 seconds.
Begin MonoManager ReloadAssembly
Native extension for WindowsStandalone target not found
Refreshing native plugins compatible for Editor in 0.29 ms, found 2 plugins.
Preloading 0 native plugins for Editor in 0.00 ms.
Mono: successfully reloaded assembly
- Completed reload, in  0.870 seconds
Domain Reload Profiling:
	ReloadAssembly (870ms)
		BeginReloadAssembly (100ms)
			ExecutionOrderSort (0ms)
			DisableScriptedObjects (4ms)
			BackupInstance (0ms)
			ReleaseScriptingObjects (0ms)
			CreateAndSetChildDomain (29ms)
		EndReloadAssembly (711ms)
			LoadAssemblies (77ms)
			RebuildTransferFunctionScriptingTraits (0ms)
			SetupTypeCache (242ms)
			ReleaseScriptCaches (1ms)
			RebuildScriptCaches (35ms)
			SetupLoadedEditorAssemblies (268ms)
				LogAssemblyErrors (0ms)
				InitializePlatformSupportModulesInManaged (5ms)
				SetLoadedEditorAssemblies (0ms)
				RefreshPlugins (0ms)
				BeforeProcessingInitializeOnLoad (75ms)
				ProcessInitializeOnLoadAttributes (176ms)
				ProcessInitializeOnLoadMethodAttributes (4ms)
				AfterProcessingInitializeOnLoad (6ms)
				EditorAssembliesLoaded (0ms)
			ExecutionOrderSort2 (0ms)
			AwakeInstancesAfterBackupRestoration (6ms)
Platform modules already initialized, skipping
Refreshing native plugins compatible for Editor in 0.28 ms, found 2 plugins.
Preloading 0 native plugins for Editor in 0.00 ms.
Unloading 1385 Unused Serialized files (Serialized files now loaded: 0)
System memory in use before: 68.2 MB.
System memory in use after: 68.2 MB.

Unloading 14 unused Assets to reduce memory usage. Loaded Objects now: 1871.
Total: 1.919400 ms (FindLiveObjects: 0.127700 ms CreateObjectMapping: 0.037600 ms MarkObjects: 1.709200 ms  DeleteObjects: 0.044100 ms)

AssetImportParameters requested are different than current active one (requested -> active):
  custom:framework-win-MediaFoundation: 216162199b28c13a410421893ffa2e32 -> 
  custom:video-decoder-ogg-theora: a1e56fd34408186e4bbccfd4996cb3dc -> 
  custom:container-muxer-webm: aa71ff27fc2769a1b78a27578f13a17b -> 
  custom:container-demuxer-webm: 4f35f7cbe854078d1ac9338744f61a02 -> 
  custom:container-demuxer-ogg: 62fdf1f143b41e24485cea50d1cbac27 -> 
  custom:video-encoder-webm-vp8: eb34c28f22e8b96e1ab97ce403110664 -> 
  custom:video-decoder-webm-vp8: 9c59270c3fd7afecdb556c50c9e8de78 -> 
  custom:audio-decoder-ogg-vorbis: bf7c407c2cedff20999df2af8eb42d56 -> 
  custom:audio-encoder-webm-vorbis: bf7c407c2cedff20999df2af8eb42d56 -> 
========================================================================
Received Prepare
Refreshing native plugins compatible for Editor in 2.65 ms, found 2 plugins.
Preloading 0 native plugins for Editor in 0.00 ms.
Unloading 12 Unused Serialized files (Serialized files now loaded: 0)
System memory in use before: 41.0 MB.
System memory in use after: 41.1 MB.

Unloading 12 unused Assets to reduce memory usage. Loaded Objects now: 1871.
Total: 2.046700 ms (FindLiveObjects: 0.133800 ms CreateObjectMapping: 0.039400 ms MarkObjects: 1.832600 ms  DeleteObjects: 0.040100 ms)

AssetImportParameters requested are different than current active one (requested -> active):
  custom:framework-win-MediaFoundation: 216162199b28c13a410421893ffa2e32 -> 
  custom:video-decoder-ogg-theora: a1e56fd34408186e4bbccfd4996cb3dc -> 
  custom:container-muxer-webm: aa71ff27fc2769a1b78a27578f13a17b -> 
  custom:container-demuxer-webm: 4f35f7cbe854078d1ac9338744f61a02 -> 
  custom:container-demuxer-ogg: 62fdf1f143b41e24485cea50d1cbac27 -> 
  custom:video-encoder-webm-vp8: eb34c28f22e8b96e1ab97ce403110664 -> 
  custom:video-decoder-webm-vp8: 9c59270c3fd7afecdb556c50c9e8de78 -> 
  custom:audio-decoder-ogg-vorbis: bf7c407c2cedff20999df2af8eb42d56 -> 
  custom:audio-encoder-webm-vorbis: bf7c407c2cedff20999df2af8eb42d56 -> 
AssetImportWorkerClient::OnTransportError - code=2 error=End of file
